All Songs/ai-kotoba-iii/aikotoba3.egg [0.007]
All Songs/aiaiai-feat-yasutaka-nakata/song.egg [0.007]
All Songs/baby-got-back/song.egg [0.007]
All Songs/back-in-black/Back in Black.egg [0.007]
All Songs/bangarang/Skrillex - Bangarang (Ft. Sirah) [Official Audio].egg [0.007]
All Songs/big-girl-you-are-beatiful/08 Big Girl (You Are Beautiful).egg [0.007]
All Songs/bloody-stream/song.egg [0.007]
All Songs/boulevard-of-broken-dreams/song.egg [0.007]
All Songs/boy-with-luv/Boy With Luv.egg [0.007]
All Songs/bring-it-on/GigaP_Bring_It_On.egg [0.007]
All Songs/bring-it-on/GigaP_Bring_It_On_Instrumental.egg [0.007]
All Songs/bubble-pop/bubblepop.egg [0.007]
All Songs/bubble-tea/dark cat - BUBBLE TEA.egg [0.007]
All Songs/can-t-stop-the-feeling/song.egg [0.007]
All Songs/caravan-palace-miracle/song.egg [0.007]
All Songs/centipede/Centipede.egg [0.007]
All Songs/centuries/song.egg [0.007]
All Songs/chiru-chiru/song.egg [0.007]
All Songs/crawling/song.egg [0.007]
All Songs/daddy/Daddy.egg [0.007]
All Songs/dangerous-night/song.egg [0.007]
All Songs/deep-in-abyss/song.egg [0.007]
All Songs/deutschland/song_120.egg [0.007]
All Songs/dire-dire-docks-wisp-x-remix/WispX-DireDireDocks(WispXRemix).egg [0.007]
All Songs/don-t-let-me-down-illenium-remix/song.egg [0.007]
All Songs/ec2-still-waiting/song.egg [0.007]
All Songs/empty-threat/song.egg [0.007]
All Songs/every-time-we-touch/Cascada - Every Time We Touch.egg [0.007]
All Songs/fallen-kingdom/song.egg [0.007]
All Songs/fancy/song.egg [0.007]
All Songs/feel-invincible/song.egg [0.007]
All Songs/fractures-ft-nevve/song.egg [0.007]
All Songs/geronimo/Sheppard - Geronimo.egg [0.007]
All Songs/get-schwifty-andromulus-remix/Maculate - Rick & Morty - Get Schwifty (Andromulus Remix).egg [0.007]
All Songs/gravity/song.egg [0.007]
All Songs/harajuku-iyahoi/haraiya.egg [0.007]
All Songs/harder-better-faster-stronger/Daft Punk - Harder Better Faster Stronger.egg [0.007]
All Songs/holiday/song.egg [0.007]
All Songs/hymn-for-the-weekend/Hymn For The Weekend - Coldplay.egg [0.007]
All Songs/i-don-t-wanna-be-in-love-dance-floor-anthem/song.egg [0.007]
All Songs/i-ll-make-a-man-out-of-you/I'll Make A Man Out Of You.egg [0.007]
All Songs/i-remember/song.egg [0.007]
All Songs/ignite/song.egg [0.007]
All Songs/it-s-my-life/song.egg [0.007]
All Songs/koto/koto.egg [0.007]
All Songs/livin-la-vida-loca/song.egg [0.007]
All Songs/love-the-way-you-lie-ft-rihanna/Love The Way You Lie.egg [0.007]
All Songs/luv-letter/DJ Okawari - Luv Letter.egg [0.007]
All Songs/mayday/song.egg [0.007]
All Songs/meant-to-live/meanttolive.egg [0.007]
All Songs/mr-blue-sky(1)/song.egg [0.007]
All Songs/new-game/newgame.egg [0.007]
All Songs/new-rules/song.egg [0.007]
All Songs/nothing-stopping-me-ft-kat-nestel/song.egg [0.007]
All Songs/overkill/RIOT - Overkill [Monstercat Release].egg [0.007]
All Songs/paladin/Paladin.egg [0.007]
All Songs/paradise/song.egg [0.007]
All Songs/phoenix/song.egg [0.007]
All Songs/pixel-galaxy/PixelGalaxy-SnailsHouse.egg [0.007]
All Songs/pompeii/Pompeii.egg [0.007]
All Songs/pumped-up-kicks/song.egg [0.007]
All Songs/pussy/song.egg [0.007]
All Songs/rap-god/01 Rap God.egg [0.007]
All Songs/rasputin-boney-m/song.egg [0.007]
All Songs/rasputin-funk-overload/song.egg [0.007]
All Songs/resister/song.egg [0.007]
All Songs/restart/Subtact Restart.egg [0.007]
All Songs/ride/song.egg [0.007]
All Songs/senpai-notice-me/song.egg [0.007]
All Songs/seraphim-on-the-ring/song.egg [0.007]
All Songs/shatter-me/Lindsey Stirling ft. Izzy Hale - Shatter Me.egg [0.009]
All Songs/slow-dancing-in-the-dark/song.egg [0.007]
All Songs/some-nights/song.egg [0.007]
All Songs/star-sky-two-steps-from-hell/song.egg [0.009]
All Songs/still-into-you/itunes_still_into_you.egg [0.007]
All Songs/the-rockafeller-skank/RockafellerSkank_fix_153.egg [0.007]
All Songs/the-wall/song.egg [0.007]
All Songs/uprising/song.egg [0.007]
All Songs/uptown-funk/song.egg [0.007]
All Songs/voracity/song.egg [0.007]
All Songs/waiting-for-love/Avicii - Waiting For Love.egg [0.007]
All Songs/wake-me-up-when-september-ends/song3.egg [0.007]
All Songs/we-built-this-city/song.egg [0.007]
All Songs/we-wont-be-alone/Feint We Wont Be Alone.egg [0.007]
All Songs/weak-ajr/AJR - Weak (Lyrics) HQ.egg [0.007]
All Songs/without-me-illenium-remix/Without Me ILLENIUM.egg [0.007]
All Songs/yoiyoi-kokon/REOL_yoiyoi_kokon.egg [0.007]
